\BOOKMARK [0][-]{chapter.1}{\376\377\000K\000n\000i\000g\000h\000t\000\040\000P\000a\000t\000h\000\040\000P\000r\000o\000b\000l\000e\000m\000:\000\040\000T\000h\000i\000s\000\040\000i\000s\000\040\000p\000r\000o\000b\000l\000e\000m\000\040\000t\000o\000\040\000f\000i\000n\000d\000\040\000c\000e\000r\000t\000a\000i\000n}{}
\BOOKMARK [0][-]{chapter.2}{\376\377\000N\000a\000m\000e\000s\000p\000a\000c\000e\000\040\000I\000n\000d\000e\000x}{}
\BOOKMARK [1][-]{section.2.1}{\376\377\000N\000a\000m\000e\000s\000p\000a\000c\000e\000\040\000L\000i\000s\000t}{chapter.2}
\BOOKMARK [0][-]{chapter.3}{\376\377\000C\000l\000a\000s\000s\000\040\000I\000n\000d\000e\000x}{}
\BOOKMARK [1][-]{section.3.1}{\376\377\000C\000l\000a\000s\000s\000\040\000L\000i\000s\000t}{chapter.3}
\BOOKMARK [0][-]{chapter.4}{\376\377\000N\000a\000m\000e\000s\000p\000a\000c\000e\000\040\000D\000o\000c\000u\000m\000e\000n\000t\000a\000t\000i\000o\000n}{}
\BOOKMARK [1][-]{section.4.1}{\376\377\000k\000n\000i\000g\000h\000t\000\137\000p\000a\000t\000h\000\137\000t\000\040\000N\000a\000m\000e\000s\000p\000a\000c\000e\000\040\000R\000e\000f\000e\000r\000e\000n\000c\000e}{chapter.4}
\BOOKMARK [2][-]{subsection.4.1.1}{\376\377\000D\000e\000t\000a\000i\000l\000e\000d\000\040\000D\000e\000s\000c\000r\000i\000p\000t\000i\000o\000n}{section.4.1}
\BOOKMARK [2][-]{subsection.4.1.2}{\376\377\000T\000y\000p\000e\000d\000e\000f\000\040\000D\000o\000c\000u\000m\000e\000n\000t\000a\000t\000i\000o\000n}{section.4.1}
\BOOKMARK [3][-]{subsubsection.4.1.2.1}{\376\377\000p\000a\000r\000a\000m\000e\000t\000e\000r\000\137\000l\000i\000s\000t\000\137\000t}{subsection.4.1.2}
\BOOKMARK [3][-]{subsubsection.4.1.2.2}{\376\377\000s\000t\000i\000t\000c\000h\000\137\000l\000i\000s\000t\000\137\000t}{subsection.4.1.2}
\BOOKMARK [2][-]{subsection.4.1.3}{\376\377\000E\000n\000u\000m\000e\000r\000a\000t\000i\000o\000n\000\040\000T\000y\000p\000e\000\040\000D\000o\000c\000u\000m\000e\000n\000t\000a\000t\000i\000o\000n}{section.4.1}
\BOOKMARK [3][-]{subsubsection.4.1.3.1}{\376\377\000c\000o\000l\000o\000r\000\137\000t}{subsection.4.1.3}
\BOOKMARK [2][-]{subsection.4.1.4}{\376\377\000F\000u\000n\000c\000t\000i\000o\000n\000\040\000D\000o\000c\000u\000m\000e\000n\000t\000a\000t\000i\000o\000n}{section.4.1}
\BOOKMARK [3][-]{subsubsection.4.1.4.1}{\376\377\000g\000e\000t\000\137\000c\000e\000l\000l\000\137\000c\000o\000l\000o\000r}{subsection.4.1.4}
\BOOKMARK [3][-]{subsubsection.4.1.4.2}{\376\377\000g\000e\000t\000\137\000c\000o\000l\000o\000r\000\137\000n\000a\000m\000e}{subsection.4.1.4}
\BOOKMARK [3][-]{subsubsection.4.1.4.3}{\376\377\000p\000r\000i\000n\000t\000\137\000p\000a\000t\000h}{subsection.4.1.4}
\BOOKMARK [3][-]{subsubsection.4.1.4.4}{\376\377\000s\000a\000m\000e\000\137\000c\000o\000l\000o\000r}{subsection.4.1.4}
\BOOKMARK [3][-]{subsubsection.4.1.4.5}{\376\377\000s\000c\000a\000n\000\137\000d\000i\000m\000\137\000s\000r\000c\000\137\000d\000e\000s\000t}{subsection.4.1.4}
\BOOKMARK [0][-]{chapter.5}{\376\377\000C\000l\000a\000s\000s\000\040\000D\000o\000c\000u\000m\000e\000n\000t\000a\000t\000i\000o\000n}{}
\BOOKMARK [1][-]{section.5.1}{\376\377\000k\000n\000i\000g\000h\000t\000\137\000p\000a\000t\000h\000\137\000t\000:\000:\000k\000\137\0003\0002\000\137\000s\000e\000a\000r\000c\000h\000\137\000t\000\040\000C\000l\000a\000s\000s\000\040\000R\000e\000f\000e\000r\000e\000n\000c\000e}{chapter.5}
\BOOKMARK [2][-]{subsection.5.1.1}{\376\377\000C\000o\000n\000s\000t\000r\000u\000c\000t\000o\000r\000\040\000\046\000\040\000D\000e\000s\000t\000r\000u\000c\000t\000o\000r\000\040\000D\000o\000c\000u\000m\000e\000n\000t\000a\000t\000i\000o\000n}{section.5.1}
\BOOKMARK [3][-]{subsubsection.5.1.1.1}{\376\377\000k\000\137\0003\0002\000\137\000s\000e\000a\000r\000c\000h\000\137\000t}{subsection.5.1.1}
\BOOKMARK [2][-]{subsection.5.1.2}{\376\377\000M\000e\000m\000b\000e\000r\000\040\000F\000u\000n\000c\000t\000i\000o\000n\000\040\000D\000o\000c\000u\000m\000e\000n\000t\000a\000t\000i\000o\000n}{section.5.1}
\BOOKMARK [3][-]{subsubsection.5.1.2.1}{\376\377\000s\000e\000a\000r\000c\000h\000\137\000l\000o\000n\000g\000e\000s\000t\000\137\000p\000a\000t\000h\000\137\0003\0002\000x}{subsection.5.1.2}
\BOOKMARK [1][-]{section.5.2}{\376\377\000k\000n\000i\000g\000h\000t\000\137\000p\000a\000t\000h\000\137\000t\000:\000:\000k\000\137\000g\000e\000t\000p\000a\000t\000h\000\137\000t\000\040\000C\000l\000a\000s\000s\000\040\000R\000e\000f\000e\000r\000e\000n\000c\000e}{chapter.5}
\BOOKMARK [2][-]{subsection.5.2.1}{\376\377\000C\000o\000n\000s\000t\000r\000u\000c\000t\000o\000r\000\040\000\046\000\040\000D\000e\000s\000t\000r\000u\000c\000t\000o\000r\000\040\000D\000o\000c\000u\000m\000e\000n\000t\000a\000t\000i\000o\000n}{section.5.2}
\BOOKMARK [3][-]{subsubsection.5.2.1.1}{\376\377\000k\000\137\000g\000e\000t\000p\000a\000t\000h\000\137\000t}{subsection.5.2.1}
\BOOKMARK [2][-]{subsection.5.2.2}{\376\377\000M\000e\000m\000b\000e\000r\000\040\000F\000u\000n\000c\000t\000i\000o\000n\000\040\000D\000o\000c\000u\000m\000e\000n\000t\000a\000t\000i\000o\000n}{section.5.2}
\BOOKMARK [3][-]{subsubsection.5.2.2.1}{\376\377\000g\000e\000t\000\137\000p\000a\000t\000h}{subsection.5.2.2}
\BOOKMARK [3][-]{subsubsection.5.2.2.2}{\376\377\000g\000e\000t\000\137\000p\000a\000t\000h}{subsection.5.2.2}
\BOOKMARK [3][-]{subsubsection.5.2.2.3}{\376\377\000l\000o\000a\000d\000\137\000a\000l\000l\000\137\000p\000a\000r\000a}{subsection.5.2.2}
\BOOKMARK [1][-]{section.5.3}{\376\377\000k\000n\000i\000g\000h\000t\000\137\000p\000a\000t\000h\000\137\000t\000:\000:\000k\000\137\000p\000a\000t\000h\000\137\000a\000d\000a\000p\000t\000e\000r\000\137\000t\000\040\000C\000l\000a\000s\000s\000\040\000R\000e\000f\000e\000r\000e\000n\000c\000e}{chapter.5}
\BOOKMARK [2][-]{subsection.5.3.1}{\376\377\000C\000o\000n\000s\000t\000r\000u\000c\000t\000o\000r\000\040\000\046\000\040\000D\000e\000s\000t\000r\000u\000c\000t\000o\000r\000\040\000D\000o\000c\000u\000m\000e\000n\000t\000a\000t\000i\000o\000n}{section.5.3}
\BOOKMARK [3][-]{subsubsection.5.3.1.1}{\376\377\000k\000\137\000p\000a\000t\000h\000\137\000a\000d\000a\000p\000t\000e\000r\000\137\000t}{subsection.5.3.1}
\BOOKMARK [2][-]{subsection.5.3.2}{\376\377\000M\000e\000m\000b\000e\000r\000\040\000F\000u\000n\000c\000t\000i\000o\000n\000\040\000D\000o\000c\000u\000m\000e\000n\000t\000a\000t\000i\000o\000n}{section.5.3}
\BOOKMARK [3][-]{subsubsection.5.3.2.1}{\376\377\000g\000e\000t\000\137\000p\000a\000t\000h}{subsection.5.3.2}
\BOOKMARK [1][-]{section.5.4}{\376\377\000k\000n\000i\000g\000h\000t\000\137\000p\000a\000t\000h\000\137\000t\000:\000:\000k\000\137\000s\000e\000a\000r\000c\000h\000e\000r\000\137\000t\000\040\000C\000l\000a\000s\000s\000\040\000R\000e\000f\000e\000r\000e\000n\000c\000e}{chapter.5}
\BOOKMARK [2][-]{subsection.5.4.1}{\376\377\000M\000e\000m\000b\000e\000r\000\040\000F\000u\000n\000c\000t\000i\000o\000n\000\040\000D\000o\000c\000u\000m\000e\000n\000t\000a\000t\000i\000o\000n}{section.5.4}
\BOOKMARK [3][-]{subsubsection.5.4.1.1}{\376\377\000s\000e\000a\000r\000c\000h\000\137\000c\000u\000s\000t\000o\000m\000\137\000s\000e\000t}{subsection.5.4.1}
\BOOKMARK [3][-]{subsubsection.5.4.1.2}{\376\377\000s\000o\000l\000u\000t\000i\000o\000n\000s\000\137\000f\000r\000o\000m}{subsection.5.4.1}
\BOOKMARK [1][-]{section.5.5}{\376\377\000k\000n\000i\000g\000h\000t\000\137\000p\000a\000t\000h\000\137\000t\000:\000:\000k\000\137\000s\000u\000b\000\137\000b\000o\000a\000r\000d\000\137\000t\000\040\000C\000l\000a\000s\000s\000\040\000R\000e\000f\000e\000r\000e\000n\000c\000e}{chapter.5}
\BOOKMARK [2][-]{subsection.5.5.1}{\376\377\000D\000e\000t\000a\000i\000l\000e\000d\000\040\000D\000e\000s\000c\000r\000i\000p\000t\000i\000o\000n}{section.5.5}
\BOOKMARK [2][-]{subsection.5.5.2}{\376\377\000C\000o\000n\000s\000t\000r\000u\000c\000t\000o\000r\000\040\000\046\000\040\000D\000e\000s\000t\000r\000u\000c\000t\000o\000r\000\040\000D\000o\000c\000u\000m\000e\000n\000t\000a\000t\000i\000o\000n}{section.5.5}
\BOOKMARK [3][-]{subsubsection.5.5.2.1}{\376\377\000k\000\137\000s\000u\000b\000\137\000b\000o\000a\000r\000d\000\137\000t}{subsection.5.5.2}
\BOOKMARK [2][-]{subsection.5.5.3}{\376\377\000M\000e\000m\000b\000e\000r\000\040\000F\000u\000n\000c\000t\000i\000o\000n\000\040\000D\000o\000c\000u\000m\000e\000n\000t\000a\000t\000i\000o\000n}{section.5.5}
\BOOKMARK [3][-]{subsubsection.5.5.3.1}{\376\377\000f\000r\000e\000e\000\137\000m\000e\000m}{subsection.5.5.3}
\BOOKMARK [3][-]{subsubsection.5.5.3.2}{\376\377\000g\000e\000t\000\137\000m\000a\000x\000x}{subsection.5.5.3}
\BOOKMARK [3][-]{subsubsection.5.5.3.3}{\376\377\000g\000e\000t\000\137\000m\000a\000x\000y}{subsection.5.5.3}
\BOOKMARK [3][-]{subsubsection.5.5.3.4}{\376\377\000i\000s\000\137\000e\000n\000t\000r\000y\000\137\000p\000o\000i\000n\000t}{subsection.5.5.3}
\BOOKMARK [3][-]{subsubsection.5.5.3.5}{\376\377\000i\000s\000\137\000e\000x\000i\000t\000\137\000p\000o\000i\000n\000t}{subsection.5.5.3}
\BOOKMARK [3][-]{subsubsection.5.5.3.6}{\376\377\000s\000e\000t\000\137\000m\000a\000x\000\137\000x\000y}{subsection.5.5.3}
\BOOKMARK [3][-]{subsubsection.5.5.3.7}{\376\377\000t\000o\000\137\000g\000l\000o\000b\000a\000l\000\137\000x}{subsection.5.5.3}
\BOOKMARK [3][-]{subsubsection.5.5.3.8}{\376\377\000t\000o\000\137\000g\000l\000o\000b\000a\000l\000\137\000y}{subsection.5.5.3}
\BOOKMARK [3][-]{subsubsection.5.5.3.9}{\376\377\000t\000o\000\137\000l\000o\000c\000a\000l\000\137\000x}{subsection.5.5.3}
\BOOKMARK [3][-]{subsubsection.5.5.3.10}{\376\377\000t\000o\000\137\000l\000o\000c\000a\000l\000\137\000y}{subsection.5.5.3}
\BOOKMARK [1][-]{section.5.6}{\376\377\000k\000n\000i\000g\000h\000t\000\137\000p\000a\000t\000h\000\137\000t\000:\000:\000k\000\137\000t\000o\000u\000r\000\137\000t\000\040\000C\000l\000a\000s\000s\000\040\000R\000e\000f\000e\000r\000e\000n\000c\000e}{chapter.5}
\BOOKMARK [2][-]{subsection.5.6.1}{\376\377\000D\000e\000t\000a\000i\000l\000e\000d\000\040\000D\000e\000s\000c\000r\000i\000p\000t\000i\000o\000n}{section.5.6}
\BOOKMARK [2][-]{subsection.5.6.2}{\376\377\000M\000e\000m\000b\000e\000r\000\040\000F\000u\000n\000c\000t\000i\000o\000n\000\040\000D\000o\000c\000u\000m\000e\000n\000t\000a\000t\000i\000o\000n}{section.5.6}
\BOOKMARK [3][-]{subsubsection.5.6.2.1}{\376\377\000r\000e\000s\000e\000t}{subsection.5.6.2}
\BOOKMARK [3][-]{subsubsection.5.6.2.2}{\376\377\000s\000e\000t\000\137\000s\000e\000a\000r\000c\000h\000\137\000l\000i\000m\000i\000t}{subsection.5.6.2}
\BOOKMARK [1][-]{section.5.7}{\376\377\000k\000n\000i\000g\000h\000t\000\137\000p\000a\000t\000h\000\137\000t\000:\000:\000n\000o\000d\000e\000\137\000p\000a\000i\000r\000\137\000t\000\040\000S\000t\000r\000u\000c\000t\000\040\000R\000e\000f\000e\000r\000e\000n\000c\000e}{chapter.5}
\BOOKMARK [2][-]{subsection.5.7.1}{\376\377\000D\000e\000t\000a\000i\000l\000e\000d\000\040\000D\000e\000s\000c\000r\000i\000p\000t\000i\000o\000n}{section.5.7}
\BOOKMARK [1][-]{section.5.8}{\376\377\000k\000n\000i\000g\000h\000t\000\137\000p\000a\000t\000h\000\137\000t\000:\000:\000n\000o\000d\000e\000\137\000t\000\040\000S\000t\000r\000u\000c\000t\000\040\000R\000e\000f\000e\000r\000e\000n\000c\000e}{chapter.5}
\BOOKMARK [2][-]{subsection.5.8.1}{\376\377\000D\000e\000t\000a\000i\000l\000e\000d\000\040\000D\000e\000s\000c\000r\000i\000p\000t\000i\000o\000n}{section.5.8}
\BOOKMARK [1][-]{section.5.9}{\376\377\000k\000n\000i\000g\000h\000t\000\137\000p\000a\000t\000h\000\137\000t\000:\000:\000p\000a\000r\000a\000m\000e\000t\000e\000r\000s\000\137\000t\000\040\000S\000t\000r\000u\000c\000t\000\040\000R\000e\000f\000e\000r\000e\000n\000c\000e}{chapter.5}
\BOOKMARK [2][-]{subsection.5.9.1}{\376\377\000D\000e\000t\000a\000i\000l\000e\000d\000\040\000D\000e\000s\000c\000r\000i\000p\000t\000i\000o\000n}{section.5.9}
\BOOKMARK [2][-]{subsection.5.9.2}{\376\377\000C\000o\000n\000s\000t\000r\000u\000c\000t\000o\000r\000\040\000\046\000\040\000D\000e\000s\000t\000r\000u\000c\000t\000o\000r\000\040\000D\000o\000c\000u\000m\000e\000n\000t\000a\000t\000i\000o\000n}{section.5.9}
\BOOKMARK [3][-]{subsubsection.5.9.2.1}{\376\377\000p\000a\000r\000a\000m\000e\000t\000e\000r\000s\000\137\000t}{subsection.5.9.2}
\BOOKMARK [1][-]{section.5.10}{\376\377\000k\000n\000i\000g\000h\000t\000\137\000p\000a\000t\000h\000\137\000t\000:\000:\000s\000o\000l\000u\000t\000i\000o\000n\000\137\000t\000\040\000C\000l\000a\000s\000s\000\040\000R\000e\000f\000e\000r\000e\000n\000c\000e}{chapter.5}
\BOOKMARK [2][-]{subsection.5.10.1}{\376\377\000C\000o\000n\000s\000t\000r\000u\000c\000t\000o\000r\000\040\000\046\000\040\000D\000e\000s\000t\000r\000u\000c\000t\000o\000r\000\040\000D\000o\000c\000u\000m\000e\000n\000t\000a\000t\000i\000o\000n}{section.5.10}
\BOOKMARK [3][-]{subsubsection.5.10.1.1}{\376\377\000s\000o\000l\000u\000t\000i\000o\000n\000\137\000t}{subsection.5.10.1}
\BOOKMARK [2][-]{subsection.5.10.2}{\376\377\000M\000e\000m\000b\000e\000r\000\040\000F\000u\000n\000c\000t\000i\000o\000n\000\040\000D\000o\000c\000u\000m\000e\000n\000t\000a\000t\000i\000o\000n}{section.5.10}
\BOOKMARK [3][-]{subsubsection.5.10.2.1}{\376\377\000d\000i\000s\000p\000l\000a\000y\000\137\000b\000o\000a\000r\000d}{subsection.5.10.2}
\BOOKMARK [3][-]{subsubsection.5.10.2.2}{\376\377\000g\000e\000t\000\137\000e\000n\000d\000\137\000i\000n\000d\000e\000x}{subsection.5.10.2}
\BOOKMARK [3][-]{subsubsection.5.10.2.3}{\376\377\000g\000e\000t\000\137\000s\000t\000a\000r\000t\000\137\000i\000n\000d\000e\000x}{subsection.5.10.2}
\BOOKMARK [3][-]{subsubsection.5.10.2.4}{\376\377\000r\000e\000s\000e\000t}{subsection.5.10.2}
\BOOKMARK [3][-]{subsubsection.5.10.2.5}{\376\377\000s\000e\000a\000r\000c\000h\000\137\000f\000o\000r}{subsection.5.10.2}
\BOOKMARK [1][-]{section.5.11}{\376\377\000k\000n\000i\000g\000h\000t\000\137\000p\000a\000t\000h\000\137\000t\000:\000:\000s\000t\000i\000t\000c\000h\000\137\000t\000\040\000S\000t\000r\000u\000c\000t\000\040\000R\000e\000f\000e\000r\000e\000n\000c\000e}{chapter.5}
\BOOKMARK [2][-]{subsection.5.11.1}{\376\377\000D\000e\000t\000a\000i\000l\000e\000d\000\040\000D\000e\000s\000c\000r\000i\000p\000t\000i\000o\000n}{section.5.11}
\BOOKMARK [2][-]{subsection.5.11.2}{\376\377\000M\000e\000m\000b\000e\000r\000\040\000D\000a\000t\000a\000\040\000D\000o\000c\000u\000m\000e\000n\000t\000a\000t\000i\000o\000n}{section.5.11}
\BOOKMARK [3][-]{subsubsection.5.11.2.1}{\376\377\000m\000\137\000d\000e\000l\000x\0001}{subsection.5.11.2}
\BOOKMARK [1][-]{section.5.12}{\376\377\000k\000n\000i\000g\000h\000t\000\137\000p\000a\000t\000h\000\137\000t\000:\000:\000s\000u\000b\000\137\000b\000o\000a\000r\000d\000\137\000g\000r\000i\000d\000\137\000t\000\040\000S\000t\000r\000u\000c\000t\000\040\000R\000e\000f\000e\000r\000e\000n\000c\000e}{chapter.5}
\BOOKMARK [2][-]{subsection.5.12.1}{\376\377\000D\000e\000t\000a\000i\000l\000e\000d\000\040\000D\000e\000s\000c\000r\000i\000p\000t\000i\000o\000n}{section.5.12}
\BOOKMARK [1][-]{section.5.13}{\376\377\000k\000n\000i\000g\000h\000t\000\137\000p\000a\000t\000h\000\137\000t\000:\000:\000t\000o\000u\000r\000\137\000p\000a\000t\000h\000\137\000t\000\040\000S\000t\000r\000u\000c\000t\000\040\000R\000e\000f\000e\000r\000e\000n\000c\000e}{chapter.5}
\BOOKMARK [2][-]{subsection.5.13.1}{\376\377\000D\000e\000t\000a\000i\000l\000e\000d\000\040\000D\000e\000s\000c\000r\000i\000p\000t\000i\000o\000n}{section.5.13}
